[30-Mar-2018 19:28:56 America/Denver] PHP Notice:  Undefined index: spl in D:\Sites\ICMS\left_table.php on line 7
[30-Mar-2018 19:28:57 America/Denver] PHP Notice:  Undefined index: spl in D:\Sites\ICMS\right_table.php on line 7
[30-Mar-2018 19:29:07 America/Denver] PHP Notice:  Undefined index: spl in D:\Sites\ICMS\left_table.php on line 7
[30-Mar-2018 19:29:07 America/Denver] PHP Notice:  Undefined index: spl in D:\Sites\ICMS\right_table.php on line 7
[30-Mar-2018 19:48:37 America/Denver] PHP Notice:  Undefined variable: spl in D:\Sites\ICMS\chart_update.php on line 4
[30-Mar-2018 19:48:38 America/Denver] PHP Notice:  Undefined variable: spl in D:\Sites\ICMS\chart_update.php on line 4
[30-Mar-2018 19:49:49 America/Denver] PHP Notice:  Undefined variable: spl in D:\Sites\ICMS\chart_start.php on line 3
[30-Mar-2018 19:50:54 America/Denver] PHP Notice:  Undefined variable: spl in D:\Sites\ICMS\chart_start.php on line 3
[03-Apr-2018 04:48:04 America/Denver] PHP Notice:  Undefined index: spl in D:\Sites\ICMS\left_table.php on line 7
[03-Apr-2018 04:48:04 America/Denver] PHP Notice:  Undefined index: spl in D:\Sites\ICMS\left_table.php on line 7
[03-Apr-2018 04:48:05 America/Denver] PHP Notice:  Undefined index: spl in D:\Sites\ICMS\right_table.php on line 7
[03-Apr-2018 04:48:05 America/Denver] PHP Notice:  Undefined index: spl in D:\Sites\ICMS\right_table.php on line 7
[03-Apr-2018 04:48:27 America/Denver] PHP Notice:  Undefined index: spl in D:\Sites\ICMS\right_table.php on line 7
[03-Apr-2018 04:49:32 America/Denver] PHP Notice:  Undefined index: spl in D:\Sites\ICMS\left_table.php on line 7
[03-Apr-2018 04:49:33 America/Denver] PHP Notice:  Undefined index: spl in D:\Sites\ICMS\left_table.php on line 7
[03-Apr-2018 04:49:33 America/Denver] PHP Notice:  Undefined index: spl in D:\Sites\ICMS\right_table.php on line 7
[03-Apr-2018 04:49:33 America/Denver] PHP Notice:  Undefined index: spl in D:\Sites\ICMS\left_table.php on line 7
[03-Apr-2018 04:49:33 America/Denver] PHP Notice:  Undefined index: spl in D:\Sites\ICMS\left_table.php on line 7
[03-Apr-2018 04:49:34 America/Denver] PHP Notice:  Undefined index: spl in D:\Sites\ICMS\right_table.php on line 7
[03-Apr-2018 04:49:34 America/Denver] PHP Notice:  Undefined index: spl in D:\Sites\ICMS\right_table.php on line 7
[03-Apr-2018 04:49:34 America/Denver] PHP Notice:  Undefined index: spl in D:\Sites\ICMS\left_table.php on line 7
[03-Apr-2018 04:49:36 America/Denver] PHP Notice:  Undefined index: spl in D:\Sites\ICMS\left_table.php on line 7
[03-Apr-2018 04:49:36 America/Denver] PHP Notice:  Undefined index: spl in D:\Sites\ICMS\left_table.php on line 7
[03-Apr-2018 04:49:36 America/Denver] PHP Notice:  Undefined index: spl in D:\Sites\ICMS\left_table.php on line 7
[03-Apr-2018 04:49:36 America/Denver] PHP Notice:  Undefined index: spl in D:\Sites\ICMS\left_table.php on line 7
[03-Apr-2018 04:49:36 America/Denver] PHP Notice:  Undefined index: spl in D:\Sites\ICMS\right_table.php on line 7
[03-Apr-2018 04:49:37 America/Denver] PHP Notice:  Undefined index: spl in D:\Sites\ICMS\right_table.php on line 7
[03-Apr-2018 04:49:37 America/Denver] PHP Notice:  Undefined index: spl in D:\Sites\ICMS\right_table.php on line 7
[03-Apr-2018 04:49:37 America/Denver] PHP Notice:  Undefined index: spl in D:\Sites\ICMS\right_table.php on line 7
[03-Apr-2018 04:49:37 America/Denver] PHP Notice:  Undefined index: spl in D:\Sites\ICMS\right_table.php on line 7
[03-Apr-2018 04:49:37 America/Denver] PHP Notice:  Undefined index: spl in D:\Sites\ICMS\right_table.php on line 7
[03-Apr-2018 04:49:37 America/Denver] PHP Notice:  Undefined index: spl in D:\Sites\ICMS\right_table.php on line 7
[03-Apr-2018 04:49:37 America/Denver] PHP Notice:  Undefined index: spl in D:\Sites\ICMS\right_table.php on line 7
[03-Apr-2018 04:49:37 America/Denver] PHP Notice:  Undefined index: spl in D:\Sites\ICMS\right_table.php on line 7
[03-Apr-2018 04:49:37 America/Denver] PHP Notice:  Undefined index: spl in D:\Sites\ICMS\right_table.php on line 7
[03-Apr-2018 04:49:37 America/Denver] PHP Notice:  Undefined index: spl in D:\Sites\ICMS\right_table.php on line 7
[03-Apr-2018 04:49:37 America/Denver] PHP Notice:  Undefined index: spl in D:\Sites\ICMS\right_table.php on line 7
[03-Apr-2018 04:49:37 America/Denver] PHP Notice:  Undefined index: spl in D:\Sites\ICMS\right_table.php on line 7
[03-Apr-2018 04:49:42 America/Denver] PHP Notice:  Undefined index: spl in D:\Sites\ICMS\left_table.php on line 7
[03-Apr-2018 04:49:47 America/Denver] PHP Notice:  Undefined index: spl in D:\Sites\ICMS\left_table.php on line 7
[03-Apr-2018 04:49:47 America/Denver] PHP Notice:  Array to string conversion in D:\Sites\ICMS\left_table.php on line 7
[03-Apr-2018 04:49:47 America/Denver] PHP Notice:  Undefined index: spl in D:\Sites\ICMS\left_table.php on line 7
[03-Apr-2018 04:49:47 America/Denver] PHP Notice:  Array to string conversion in D:\Sites\ICMS\right_table.php on line 7
[03-Apr-2018 10:11:58 America/Denver] PHP Notice:  Undefined index: spl in D:\Sites\ICMS\right_table.php on line 7
[04-Apr-2018 05:17:38 America/Denver] PHP Notice:  Undefined index: spl in D:\Sites\ICMS\left_table.php on line 7
[04-Apr-2018 05:17:38 America/Denver] PHP Notice:  Undefined index: spl in D:\Sites\ICMS\left_table.php on line 7
[04-Apr-2018 05:17:38 America/Denver] PHP Notice:  Undefined index: spl in D:\Sites\ICMS\right_table.php on line 7
[04-Apr-2018 05:17:38 America/Denver] PHP Notice:  Undefined index: spl in D:\Sites\ICMS\right_table.php on line 7
[04-Apr-2018 05:17:56 America/Denver] PHP Notice:  Undefined index: spl in D:\Sites\ICMS\left_table.php on line 7
[04-Apr-2018 05:17:56 America/Denver] PHP Notice:  Undefined index: spl in D:\Sites\ICMS\right_table.php on line 7
[04-Apr-2018 05:18:41 America/Denver] PHP Notice:  Undefined index: spl in D:\Sites\ICMS\right_table.php on line 7
[04-Apr-2018 05:18:42 America/Denver] PHP Notice:  Undefined index: spl in D:\Sites\ICMS\right_table.php on line 7
[04-Apr-2018 05:18:42 America/Denver] PHP Notice:  Undefined index: spl in D:\Sites\ICMS\right_table.php on line 7
[04-Apr-2018 05:18:42 America/Denver] PHP Notice:  Undefined index: spl in D:\Sites\ICMS\left_table.php on line 7
[04-Apr-2018 05:18:43 America/Denver] PHP Notice:  Undefined index: spl in D:\Sites\ICMS\right_table.php on line 7
[04-Apr-2018 05:18:43 America/Denver] PHP Notice:  Array to string conversion in D:\Sites\ICMS\right_table.php on line 7
[04-Apr-2018 05:18:43 America/Denver] PHP Notice:  Undefined index: spl in D:\Sites\ICMS\right_table.php on line 7
[04-Apr-2018 05:18:44 America/Denver] PHP Notice:  Undefined index: spl in D:\Sites\ICMS\right_table.php on line 7
[04-Apr-2018 05:18:44 America/Denver] PHP Notice:  Undefined index: spl in D:\Sites\ICMS\right_table.php on line 7
[04-Apr-2018 05:18:44 America/Denver] PHP Notice:  Array to string conversion in D:\Sites\ICMS\left_table.php on line 7
[04-Apr-2018 05:18:44 America/Denver] PHP Notice:  Undefined index: spl in D:\Sites\ICMS\right_table.php on line 7
[04-Apr-2018 05:18:44 America/Denver] PHP Notice:  Undefined index: spl in D:\Sites\ICMS\left_table.php on line 7
[04-Apr-2018 05:18:44 America/Denver] PHP Notice:  Undefined index: spl in D:\Sites\ICMS\left_table.php on line 7
[04-Apr-2018 05:18:45 America/Denver] PHP Notice:  Undefined index: spl in D:\Sites\ICMS\right_table.php on line 7
[04-Apr-2018 05:18:45 America/Denver] PHP Notice:  Undefined index: spl in D:\Sites\ICMS\left_table.php on line 7
[04-Apr-2018 05:18:45 America/Denver] PHP Notice:  Undefined index: spl in D:\Sites\ICMS\left_table.php on line 7
[04-Apr-2018 05:18:45 America/Denver] PHP Notice:  Undefined index: spl in D:\Sites\ICMS\left_table.php on line 7
[04-Apr-2018 05:18:45 America/Denver] PHP Notice:  Undefined index: spl in D:\Sites\ICMS\left_table.php on line 7
[04-Apr-2018 05:18:45 America/Denver] PHP Notice:  Undefined index: spl in D:\Sites\ICMS\left_table.php on line 7
[04-Apr-2018 05:18:45 America/Denver] PHP Notice:  Undefined index: spl in D:\Sites\ICMS\left_table.php on line 7
[04-Apr-2018 05:18:45 America/Denver] PHP Notice:  Undefined index: spl in D:\Sites\ICMS\left_table.php on line 7
[04-Apr-2018 05:18:45 America/Denver] PHP Notice:  Undefined index: spl in D:\Sites\ICMS\left_table.php on line 7
[04-Apr-2018 05:18:45 America/Denver] PHP Notice:  Undefined index: spl in D:\Sites\ICMS\left_table.php on line 7
[04-Apr-2018 05:18:45 America/Denver] PHP Notice:  Undefined index: spl in D:\Sites\ICMS\left_table.php on line 7
[04-Apr-2018 05:18:45 America/Denver] PHP Notice:  Undefined index: spl in D:\Sites\ICMS\left_table.php on line 7
[04-Apr-2018 05:18:47 America/Denver] PHP Notice:  Undefined index: spl in D:\Sites\ICMS\left_table.php on line 7
[04-Apr-2018 05:18:47 America/Denver] PHP Notice:  Undefined index: spl in D:\Sites\ICMS\left_table.php on line 7
[04-Apr-2018 05:18:51 America/Denver] PHP Notice:  Undefined index: spl in D:\Sites\ICMS\right_table.php on line 7
[04-Apr-2018 05:18:53 America/Denver] PHP Notice:  Undefined index: spl in D:\Sites\ICMS\left_table.php on line 7
[04-Apr-2018 05:18:57 America/Denver] PHP Notice:  Array to string conversion in D:\Sites\ICMS\left_table.php on line 7
[04-Apr-2018 05:18:57 America/Denver] PHP Notice:  Undefined index: spl in D:\Sites\ICMS\right_table.php on line 7
[04-Apr-2018 05:18:58 America/Denver] PHP Notice:  Array to string conversion in D:\Sites\ICMS\right_table.php on line 7
[04-Apr-2018 06:10:40 America/Denver] PHP Notice:  Undefined index: spl in D:\Sites\ICMS\chart_update.php on line 3
[04-Apr-2018 06:10:40 America/Denver] PHP Notice:  Undefined index: spl in D:\Sites\ICMS\chart_update.php on line 8
[04-Apr-2018 06:10:44 America/Denver] PHP Notice:  Undefined index: spl in D:\Sites\ICMS\right_table.php on line 7
[04-Apr-2018 06:10:45 America/Denver] PHP Notice:  Undefined index: spl in D:\Sites\ICMS\left_table.php on line 7
[04-Apr-2018 06:16:47 America/Denver] PHP Notice:  Undefined index: spl in D:\Sites\ICMS\right_table.php on line 7
[04-Apr-2018 06:16:47 America/Denver] PHP Notice:  Undefined index: spl in D:\Sites\ICMS\right_table.php on line 7
[04-Apr-2018 06:16:49 America/Denver] PHP Notice:  Undefined index: spl in D:\Sites\ICMS\right_table.php on line 7
[04-Apr-2018 06:16:49 America/Denver] PHP Notice:  Undefined index: spl in D:\Sites\ICMS\right_table.php on line 7
[04-Apr-2018 06:21:28 America/Denver] PHP Notice:  Undefined index: spl in D:\Sites\ICMS\right_table.php on line 7
[04-Apr-2018 06:21:28 America/Denver] PHP Notice:  Undefined index: spl in D:\Sites\ICMS\right_table.php on line 7
[04-Apr-2018 06:21:29 America/Denver] PHP Notice:  Undefined index: spl in D:\Sites\ICMS\right_table.php on line 7
[04-Apr-2018 06:21:38 America/Denver] PHP Notice:  Undefined index: spl in D:\Sites\ICMS\right_table.php on line 7
[04-Apr-2018 06:21:38 America/Denver] PHP Notice:  Undefined index: spl in D:\Sites\ICMS\right_table.php on line 7
[04-Apr-2018 06:21:40 America/Denver] PHP Notice:  Undefined index: spl in D:\Sites\ICMS\right_table.php on line 7
[04-Apr-2018 06:22:01 America/Denver] PHP Notice:  Undefined index: spl in D:\Sites\ICMS\right_table.php on line 7
[04-Apr-2018 06:39:00 America/Denver] PHP Notice:  Undefined index: spl in D:\Sites\ICMS\left_table.php on line 7
[04-Apr-2018 06:39:00 America/Denver] PHP Notice:  Undefined index: spl in D:\Sites\ICMS\chart_update.php on line 3
[04-Apr-2018 06:39:00 America/Denver] PHP Notice:  Undefined index: spl in D:\Sites\ICMS\right_table.php on line 7
[04-Apr-2018 06:39:00 America/Denver] PHP Notice:  Undefined index: spl in D:\Sites\ICMS\chart_update.php on line 8
[04-Apr-2018 06:39:00 America/Denver] PHP Notice:  Undefined index: spl in D:\Sites\ICMS\right_table.php on line 7
[04-Apr-2018 06:39:00 America/Denver] PHP Notice:  Undefined index: spl in D:\Sites\ICMS\chart_update.php on line 3
[04-Apr-2018 06:39:00 America/Denver] PHP Notice:  Undefined index: spl in D:\Sites\ICMS\chart_update.php on line 8
[04-Apr-2018 06:39:01 America/Denver] PHP Notice:  Undefined index: spl in D:\Sites\ICMS\left_table.php on line 7
[04-Apr-2018 06:39:02 America/Denver] PHP Notice:  Undefined index: spl in D:\Sites\ICMS\chart_update.php on line 3
[04-Apr-2018 06:39:02 America/Denver] PHP Notice:  Undefined index: spl in D:\Sites\ICMS\chart_update.php on line 8
[04-Apr-2018 06:39:02 America/Denver] PHP Notice:  Undefined index: spl in D:\Sites\ICMS\left_table.php on line 7
[04-Apr-2018 06:39:02 America/Denver] PHP Notice:  Undefined index: spl in D:\Sites\ICMS\chart_update.php on line 3
[04-Apr-2018 06:39:02 America/Denver] PHP Notice:  Undefined index: spl in D:\Sites\ICMS\chart_update.php on line 8
[04-Apr-2018 06:39:03 America/Denver] PHP Notice:  Undefined index: spl in D:\Sites\ICMS\left_table.php on line 7
[04-Apr-2018 06:39:03 America/Denver] PHP Notice:  Undefined index: spl in D:\Sites\ICMS\left_table.php on line 7
[04-Apr-2018 06:39:04 America/Denver] PHP Notice:  Undefined index: spl in D:\Sites\ICMS\chart_update.php on line 3
[04-Apr-2018 06:39:04 America/Denver] PHP Notice:  Undefined index: spl in D:\Sites\ICMS\chart_update.php on line 8
[04-Apr-2018 06:39:04 America/Denver] PHP Notice:  Undefined index: spl in D:\Sites\ICMS\chart_update.php on line 3
[04-Apr-2018 06:39:04 America/Denver] PHP Notice:  Undefined index: spl in D:\Sites\ICMS\chart_update.php on line 8
[04-Apr-2018 06:39:04 America/Denver] PHP Notice:  Undefined index: spl in D:\Sites\ICMS\chart_update.php on line 3
[04-Apr-2018 06:39:04 America/Denver] PHP Notice:  Undefined index: spl in D:\Sites\ICMS\chart_update.php on line 8
[04-Apr-2018 06:39:05 America/Denver] PHP Notice:  Undefined index: spl in D:\Sites\ICMS\left_table.php on line 7
[04-Apr-2018 06:39:05 America/Denver] PHP Notice:  Undefined index: spl in D:\Sites\ICMS\left_table.php on line 7
[04-Apr-2018 06:39:05 America/Denver] PHP Notice:  Undefined index: spl in D:\Sites\ICMS\chart_update.php on line 3
[04-Apr-2018 06:39:05 America/Denver] PHP Notice:  Undefined index: spl in D:\Sites\ICMS\chart_update.php on line 8
[04-Apr-2018 06:39:05 America/Denver] PHP Notice:  Undefined index: spl in D:\Sites\ICMS\chart_update.php on line 3
[04-Apr-2018 06:39:05 America/Denver] PHP Notice:  Undefined index: spl in D:\Sites\ICMS\chart_update.php on line 8
[04-Apr-2018 06:39:05 America/Denver] PHP Notice:  Undefined index: spl in D:\Sites\ICMS\chart_update.php on line 3
[04-Apr-2018 06:39:05 America/Denver] PHP Notice:  Undefined index: spl in D:\Sites\ICMS\chart_update.php on line 8
[04-Apr-2018 06:39:06 America/Denver] PHP Notice:  Undefined index: spl in D:\Sites\ICMS\left_table.php on line 7
[04-Apr-2018 06:39:06 America/Denver] PHP Notice:  Undefined index: spl in D:\Sites\ICMS\chart_update.php on line 3
[04-Apr-2018 06:39:06 America/Denver] PHP Notice:  Undefined index: spl in D:\Sites\ICMS\chart_update.php on line 8
[04-Apr-2018 06:39:06 America/Denver] PHP Notice:  Undefined index: spl in D:\Sites\ICMS\chart_update.php on line 3
[04-Apr-2018 06:39:06 America/Denver] PHP Notice:  Undefined index: spl in D:\Sites\ICMS\chart_update.php on line 8
[04-Apr-2018 06:39:06 America/Denver] PHP Notice:  Undefined index: spl in D:\Sites\ICMS\left_table.php on line 7
[04-Apr-2018 06:39:06 America/Denver] PHP Notice:  Undefined index: spl in D:\Sites\ICMS\chart_update.php on line 3
[04-Apr-2018 06:39:06 America/Denver] PHP Notice:  Undefined index: spl in D:\Sites\ICMS\chart_update.php on line 8
[04-Apr-2018 06:39:06 America/Denver] PHP Notice:  Undefined index: spl in D:\Sites\ICMS\chart_update.php on line 3
[04-Apr-2018 06:39:06 America/Denver] PHP Notice:  Undefined index: spl in D:\Sites\ICMS\chart_update.php on line 8
[04-Apr-2018 06:39:06 America/Denver] PHP Notice:  Undefined index: spl in D:\Sites\ICMS\chart_update.php on line 3
[04-Apr-2018 06:39:06 America/Denver] PHP Notice:  Undefined index: spl in D:\Sites\ICMS\chart_update.php on line 8
[04-Apr-2018 06:39:07 America/Denver] PHP Notice:  Undefined index: spl in D:\Sites\ICMS\left_table.php on line 7
[04-Apr-2018 06:39:07 America/Denver] PHP Notice:  Undefined index: spl in D:\Sites\ICMS\chart_update.php on line 3
[04-Apr-2018 06:39:07 America/Denver] PHP Notice:  Undefined index: spl in D:\Sites\ICMS\chart_update.php on line 8
[04-Apr-2018 06:39:07 America/Denver] PHP Notice:  Undefined index: spl in D:\Sites\ICMS\left_table.php on line 7
[04-Apr-2018 06:39:07 America/Denver] PHP Notice:  Undefined index: spl in D:\Sites\ICMS\chart_update.php on line 3
[04-Apr-2018 06:39:07 America/Denver] PHP Notice:  Undefined index: spl in D:\Sites\ICMS\chart_update.php on line 8
[04-Apr-2018 06:39:07 America/Denver] PHP Notice:  Undefined index: spl in D:\Sites\ICMS\chart_update.php on line 3
[04-Apr-2018 06:39:07 America/Denver] PHP Notice:  Undefined index: spl in D:\Sites\ICMS\chart_update.php on line 8
[04-Apr-2018 06:39:07 America/Denver] PHP Notice:  Undefined index: spl in D:\Sites\ICMS\left_table.php on line 7
[04-Apr-2018 06:39:07 America/Denver] PHP Notice:  Undefined index: spl in D:\Sites\ICMS\left_table.php on line 7
[04-Apr-2018 06:39:07 America/Denver] PHP Notice:  Undefined index: spl in D:\Sites\ICMS\left_table.php on line 7
[04-Apr-2018 06:39:07 America/Denver] PHP Notice:  Undefined index: spl in D:\Sites\ICMS\chart_update.php on line 3
[04-Apr-2018 06:39:07 America/Denver] PHP Notice:  Undefined index: spl in D:\Sites\ICMS\chart_update.php on line 8
[04-Apr-2018 06:39:08 America/Denver] PHP Notice:  Undefined index: spl in D:\Sites\ICMS\left_table.php on line 7
[04-Apr-2018 06:39:08 America/Denver] PHP Notice:  Undefined index: spl in D:\Sites\ICMS\chart_update.php on line 3
[04-Apr-2018 06:39:08 America/Denver] PHP Notice:  Undefined index: spl in D:\Sites\ICMS\chart_update.php on line 8
[04-Apr-2018 06:39:08 America/Denver] PHP Notice:  Undefined index: spl in D:\Sites\ICMS\chart_update.php on line 3
[04-Apr-2018 06:39:08 America/Denver] PHP Notice:  Undefined index: spl in D:\Sites\ICMS\chart_update.php on line 8
[04-Apr-2018 06:39:08 America/Denver] PHP Notice:  Undefined index: spl in D:\Sites\ICMS\left_table.php on line 7
[04-Apr-2018 06:39:08 America/Denver] PHP Notice:  Undefined index: spl in D:\Sites\ICMS\chart_update.php on line 3
[04-Apr-2018 06:39:08 America/Denver] PHP Notice:  Undefined index: spl in D:\Sites\ICMS\chart_update.php on line 8
[04-Apr-2018 06:39:08 America/Denver] PHP Notice:  Undefined index: spl in D:\Sites\ICMS\left_table.php on line 7
[04-Apr-2018 06:39:08 America/Denver] PHP Notice:  Undefined index: spl in D:\Sites\ICMS\chart_update.php on line 3
[04-Apr-2018 06:39:08 America/Denver] PHP Notice:  Undefined index: spl in D:\Sites\ICMS\chart_update.php on line 8
[04-Apr-2018 06:39:09 America/Denver] PHP Notice:  Undefined index: spl in D:\Sites\ICMS\chart_update.php on line 3
[04-Apr-2018 06:39:09 America/Denver] PHP Notice:  Undefined index: spl in D:\Sites\ICMS\chart_update.php on line 8
[04-Apr-2018 06:39:09 America/Denver] PHP Notice:  Undefined index: spl in D:\Sites\ICMS\left_table.php on line 7
[04-Apr-2018 06:39:09 America/Denver] PHP Notice:  Undefined index: spl in D:\Sites\ICMS\left_table.php on line 7
[04-Apr-2018 06:39:09 America/Denver] PHP Notice:  Undefined index: spl in D:\Sites\ICMS\left_table.php on line 7
[04-Apr-2018 06:39:09 America/Denver] PHP Notice:  Undefined index: spl in D:\Sites\ICMS\chart_update.php on line 3
[04-Apr-2018 06:39:09 America/Denver] PHP Notice:  Undefined index: spl in D:\Sites\ICMS\chart_update.php on line 8
[04-Apr-2018 06:39:09 America/Denver] PHP Notice:  Undefined index: spl in D:\Sites\ICMS\chart_update.php on line 3
[04-Apr-2018 06:39:09 America/Denver] PHP Notice:  Undefined index: spl in D:\Sites\ICMS\chart_update.php on line 3
[04-Apr-2018 06:39:09 America/Denver] PHP Notice:  Undefined index: spl in D:\Sites\ICMS\chart_update.php on line 8
[04-Apr-2018 06:39:09 America/Denver] PHP Notice:  Undefined index: spl in D:\Sites\ICMS\chart_update.php on line 8
[04-Apr-2018 06:39:09 America/Denver] PHP Notice:  Undefined index: spl in D:\Sites\ICMS\left_table.php on line 7
[04-Apr-2018 06:39:09 America/Denver] PHP Notice:  Undefined index: spl in D:\Sites\ICMS\left_table.php on line 7
[04-Apr-2018 06:39:09 America/Denver] PHP Notice:  Undefined index: spl in D:\Sites\ICMS\chart_update.php on line 3
[04-Apr-2018 06:39:09 America/Denver] PHP Notice:  Undefined index: spl in D:\Sites\ICMS\chart_update.php on line 8
[04-Apr-2018 06:39:10 America/Denver] PHP Notice:  Undefined index: spl in D:\Sites\ICMS\left_table.php on line 7
[04-Apr-2018 06:39:10 America/Denver] PHP Notice:  Undefined index: spl in D:\Sites\ICMS\chart_update.php on line 3
[04-Apr-2018 06:39:10 America/Denver] PHP Notice:  Undefined index: spl in D:\Sites\ICMS\chart_update.php on line 8
[04-Apr-2018 06:39:10 America/Denver] PHP Notice:  Undefined index: spl in D:\Sites\ICMS\left_table.php on line 7
[04-Apr-2018 06:39:10 America/Denver] PHP Notice:  Undefined index: spl in D:\Sites\ICMS\chart_update.php on line 3
[04-Apr-2018 06:39:10 America/Denver] PHP Notice:  Undefined index: spl in D:\Sites\ICMS\chart_update.php on line 8
[04-Apr-2018 06:39:10 America/Denver] PHP Notice:  Undefined index: spl in D:\Sites\ICMS\left_table.php on line 7
[04-Apr-2018 06:39:11 America/Denver] PHP Notice:  Undefined index: spl in D:\Sites\ICMS\chart_update.php on line 3
[04-Apr-2018 06:39:11 America/Denver] PHP Notice:  Undefined index: spl in D:\Sites\ICMS\left_table.php on line 7
[04-Apr-2018 06:39:11 America/Denver] PHP Notice:  Undefined index: spl in D:\Sites\ICMS\chart_update.php on line 8
[04-Apr-2018 06:39:11 America/Denver] PHP Notice:  Undefined index: spl in D:\Sites\ICMS\chart_update.php on line 3
[04-Apr-2018 06:39:11 America/Denver] PHP Notice:  Undefined index: spl in D:\Sites\ICMS\chart_update.php on line 3
[04-Apr-2018 06:39:11 America/Denver] PHP Notice:  Undefined index: spl in D:\Sites\ICMS\chart_update.php on line 8
[04-Apr-2018 06:39:11 America/Denver] PHP Notice:  Undefined index: spl in D:\Sites\ICMS\chart_update.php on line 8
[04-Apr-2018 06:39:11 America/Denver] PHP Notice:  Undefined index: spl in D:\Sites\ICMS\left_table.php on line 7
[04-Apr-2018 06:39:11 America/Denver] PHP Notice:  Undefined index: spl in D:\Sites\ICMS\left_table.php on line 7
[04-Apr-2018 06:39:11 America/Denver] PHP Notice:  Undefined index: spl in D:\Sites\ICMS\chart_update.php on line 3
[04-Apr-2018 06:39:11 America/Denver] PHP Notice:  Undefined index: spl in D:\Sites\ICMS\chart_update.php on line 8
[04-Apr-2018 06:39:11 America/Denver] PHP Notice:  Undefined index: spl in D:\Sites\ICMS\left_table.php on line 7
[04-Apr-2018 06:39:11 America/Denver] PHP Notice:  Undefined index: spl in D:\Sites\ICMS\chart_update.php on line 3
[04-Apr-2018 06:39:11 America/Denver] PHP Notice:  Undefined index: spl in D:\Sites\ICMS\chart_update.php on line 8
[04-Apr-2018 06:39:12 America/Denver] PHP Notice:  Undefined index: spl in D:\Sites\ICMS\chart_update.php on line 3
[04-Apr-2018 06:39:12 America/Denver] PHP Notice:  Undefined index: spl in D:\Sites\ICMS\chart_update.php on line 8
[04-Apr-2018 06:39:12 America/Denver] PHP Notice:  Undefined index: spl in D:\Sites\ICMS\left_table.php on line 7
[04-Apr-2018 06:39:12 America/Denver] PHP Notice:  Undefined index: spl in D:\Sites\ICMS\left_table.php on line 7
[04-Apr-2018 06:39:12 America/Denver] PHP Notice:  Undefined index: spl in D:\Sites\ICMS\chart_update.php on line 3
[04-Apr-2018 06:39:12 America/Denver] PHP Notice:  Undefined index: spl in D:\Sites\ICMS\chart_update.php on line 8
[04-Apr-2018 06:39:12 America/Denver] PHP Notice:  Undefined index: spl in D:\Sites\ICMS\left_table.php on line 7
[04-Apr-2018 06:39:12 America/Denver] PHP Notice:  Undefined index: spl in D:\Sites\ICMS\chart_update.php on line 3
[04-Apr-2018 06:39:12 America/Denver] PHP Notice:  Undefined index: spl in D:\Sites\ICMS\chart_update.php on line 8
[04-Apr-2018 06:39:12 America/Denver] PHP Notice:  Undefined index: spl in D:\Sites\ICMS\left_table.php on line 7
[04-Apr-2018 06:39:12 America/Denver] PHP Notice:  Undefined index: spl in D:\Sites\ICMS\chart_update.php on line 3
[04-Apr-2018 06:39:12 America/Denver] PHP Notice:  Undefined index: spl in D:\Sites\ICMS\chart_update.php on line 8
[04-Apr-2018 06:39:12 America/Denver] PHP Notice:  Undefined index: spl in D:\Sites\ICMS\left_table.php on line 7
[04-Apr-2018 06:39:13 America/Denver] PHP Notice:  Undefined index: spl in D:\Sites\ICMS\left_table.php on line 7
[04-Apr-2018 06:39:13 America/Denver] PHP Notice:  Undefined index: spl in D:\Sites\ICMS\left_table.php on line 7
[04-Apr-2018 06:39:13 America/Denver] PHP Notice:  Undefined index: spl in D:\Sites\ICMS\chart_update.php on line 3
[04-Apr-2018 06:39:13 America/Denver] PHP Notice:  Undefined index: spl in D:\Sites\ICMS\chart_update.php on line 8
[04-Apr-2018 06:39:13 America/Denver] PHP Notice:  Undefined index: spl in D:\Sites\ICMS\left_table.php on line 7
[04-Apr-2018 06:39:13 America/Denver] PHP Notice:  Undefined index: spl in D:\Sites\ICMS\chart_update.php on line 3
[04-Apr-2018 06:39:13 America/Denver] PHP Notice:  Undefined index: spl in D:\Sites\ICMS\chart_update.php on line 8
[04-Apr-2018 06:39:13 America/Denver] PHP Notice:  Undefined index: spl in D:\Sites\ICMS\chart_update.php on line 3
[04-Apr-2018 06:39:13 America/Denver] PHP Notice:  Undefined index: spl in D:\Sites\ICMS\left_table.php on line 7
[04-Apr-2018 06:39:13 America/Denver] PHP Notice:  Undefined index: spl in D:\Sites\ICMS\chart_update.php on line 8
[04-Apr-2018 06:39:13 America/Denver] PHP Notice:  Undefined index: spl in D:\Sites\ICMS\chart_update.php on line 3
[04-Apr-2018 06:39:13 America/Denver] PHP Notice:  Undefined index: spl in D:\Sites\ICMS\chart_update.php on line 8
[04-Apr-2018 06:39:13 America/Denver] PHP Notice:  Undefined index: spl in D:\Sites\ICMS\left_table.php on line 7
[04-Apr-2018 06:39:13 America/Denver] PHP Notice:  Undefined index: spl in D:\Sites\ICMS\left_table.php on line 7
[04-Apr-2018 06:39:13 America/Denver] PHP Notice:  Undefined index: spl in D:\Sites\ICMS\chart_update.php on line 3
[04-Apr-2018 06:39:13 America/Denver] PHP Notice:  Undefined index: spl in D:\Sites\ICMS\chart_update.php on line 8
[04-Apr-2018 06:39:14 America/Denver] PHP Notice:  Undefined index: spl in D:\Sites\ICMS\left_table.php on line 7
[04-Apr-2018 06:39:14 America/Denver] PHP Notice:  Undefined index: spl in D:\Sites\ICMS\chart_update.php on line 3
[04-Apr-2018 06:39:14 America/Denver] PHP Notice:  Undefined index: spl in D:\Sites\ICMS\chart_update.php on line 8
[04-Apr-2018 06:39:14 America/Denver] PHP Notice:  Undefined index: spl in D:\Sites\ICMS\chart_update.php on line 3
[04-Apr-2018 06:39:14 America/Denver] PHP Notice:  Undefined index: spl in D:\Sites\ICMS\chart_update.php on line 8
[04-Apr-2018 06:39:14 America/Denver] PHP Notice:  Undefined index: spl in D:\Sites\ICMS\left_table.php on line 7
[04-Apr-2018 06:39:14 America/Denver] PHP Notice:  Undefined index: spl in D:\Sites\ICMS\left_table.php on line 7
[04-Apr-2018 06:39:14 America/Denver] PHP Notice:  Undefined index: spl in D:\Sites\ICMS\chart_update.php on line 3
[04-Apr-2018 06:39:14 America/Denver] PHP Notice:  Undefined index: spl in D:\Sites\ICMS\chart_update.php on line 8
[04-Apr-2018 06:39:14 America/Denver] PHP Notice:  Undefined index: spl in D:\Sites\ICMS\left_table.php on line 7
[04-Apr-2018 06:39:14 America/Denver] PHP Notice:  Undefined index: spl in D:\Sites\ICMS\chart_update.php on line 3
[04-Apr-2018 06:39:14 America/Denver] PHP Notice:  Undefined index: spl in D:\Sites\ICMS\chart_update.php on line 8
[04-Apr-2018 06:39:15 America/Denver] PHP Notice:  Undefined index: spl in D:\Sites\ICMS\left_table.php on line 7
[04-Apr-2018 06:39:15 America/Denver] PHP Notice:  Undefined index: spl in D:\Sites\ICMS\chart_update.php on line 3
[04-Apr-2018 06:39:15 America/Denver] PHP Notice:  Undefined index: spl in D:\Sites\ICMS\chart_update.php on line 8
[04-Apr-2018 06:39:15 America/Denver] PHP Notice:  Undefined index: spl in D:\Sites\ICMS\left_table.php on line 7
[04-Apr-2018 06:39:15 America/Denver] PHP Notice:  Undefined index: spl in D:\Sites\ICMS\left_table.php on line 7
[04-Apr-2018 06:39:15 America/Denver] PHP Notice:  Undefined index: spl in D:\Sites\ICMS\chart_update.php on line 3
[04-Apr-2018 06:39:15 America/Denver] PHP Notice:  Undefined index: spl in D:\Sites\ICMS\chart_update.php on line 3
[04-Apr-2018 06:39:15 America/Denver] PHP Notice:  Undefined index: spl in D:\Sites\ICMS\chart_update.php on line 8
[04-Apr-2018 06:39:15 America/Denver] PHP Notice:  Undefined index: spl in D:\Sites\ICMS\chart_update.php on line 8
[04-Apr-2018 06:39:15 America/Denver] PHP Notice:  Undefined index: spl in D:\Sites\ICMS\left_table.php on line 7
[04-Apr-2018 06:39:15 America/Denver] PHP Notice:  Undefined index: spl in D:\Sites\ICMS\chart_update.php on line 3
[04-Apr-2018 06:39:15 America/Denver] PHP Notice:  Undefined index: spl in D:\Sites\ICMS\chart_update.php on line 8
[04-Apr-2018 06:39:16 America/Denver] PHP Notice:  Undefined index: spl in D:\Sites\ICMS\left_table.php on line 7
[04-Apr-2018 06:39:16 America/Denver] PHP Notice:  Undefined index: spl in D:\Sites\ICMS\left_table.php on line 7
[04-Apr-2018 06:39:16 America/Denver] PHP Notice:  Undefined index: spl in D:\Sites\ICMS\chart_update.php on line 3
[04-Apr-2018 06:39:16 America/Denver] PHP Notice:  Undefined index: spl in D:\Sites\ICMS\chart_update.php on line 8
[04-Apr-2018 06:39:16 America/Denver] PHP Notice:  Undefined index: spl in D:\Sites\ICMS\chart_update.php on line 3
[04-Apr-2018 06:39:16 America/Denver] PHP Notice:  Undefined index: spl in D:\Sites\ICMS\chart_update.php on line 8
[04-Apr-2018 06:39:16 America/Denver] PHP Notice:  Undefined index: spl in D:\Sites\ICMS\left_table.php on line 7
[04-Apr-2018 06:39:16 America/Denver] PHP Notice:  Undefined index: spl in D:\Sites\ICMS\left_table.php on line 7
[04-Apr-2018 06:39:16 America/Denver] PHP Notice:  Undefined index: spl in D:\Sites\ICMS\chart_update.php on line 3
[04-Apr-2018 06:39:16 America/Denver] PHP Notice:  Undefined index: spl in D:\Sites\ICMS\chart_update.php on line 8
[04-Apr-2018 06:39:16 America/Denver] PHP Notice:  Undefined index: spl in D:\Sites\ICMS\left_table.php on line 7
[04-Apr-2018 06:39:17 America/Denver] PHP Notice:  Undefined index: spl in D:\Sites\ICMS\chart_update.php on line 3
[04-Apr-2018 06:39:17 America/Denver] PHP Notice:  Undefined index: spl in D:\Sites\ICMS\chart_update.php on line 8
[04-Apr-2018 06:39:17 America/Denver] PHP Notice:  Undefined index: spl in D:\Sites\ICMS\left_table.php on line 7
[04-Apr-2018 06:39:17 America/Denver] PHP Notice:  Undefined index: spl in D:\Sites\ICMS\left_table.php on line 7
[04-Apr-2018 06:39:17 America/Denver] PHP Notice:  Undefined index: spl in D:\Sites\ICMS\chart_update.php on line 3
[04-Apr-2018 06:39:17 America/Denver] PHP Notice:  Undefined index: spl in D:\Sites\ICMS\chart_update.php on line 8
[04-Apr-2018 06:39:17 America/Denver] PHP Notice:  Undefined index: spl in D:\Sites\ICMS\left_table.php on line 7
[04-Apr-2018 06:39:17 America/Denver] PHP Notice:  Undefined index: spl in D:\Sites\ICMS\chart_update.php on line 3
[04-Apr-2018 06:39:17 America/Denver] PHP Notice:  Undefined index: spl in D:\Sites\ICMS\chart_update.php on line 8
[04-Apr-2018 06:39:17 America/Denver] PHP Notice:  Undefined index: spl in D:\Sites\ICMS\left_table.php on line 7
[04-Apr-2018 06:39:17 America/Denver] PHP Notice:  Undefined index: spl in D:\Sites\ICMS\left_table.php on line 7
[04-Apr-2018 06:39:17 America/Denver] PHP Notice:  Undefined index: spl in D:\Sites\ICMS\chart_update.php on line 3
[04-Apr-2018 06:39:17 America/Denver] PHP Notice:  Undefined index: spl in D:\Sites\ICMS\chart_update.php on line 8
[04-Apr-2018 06:39:17 America/Denver] PHP Notice:  Undefined index: spl in D:\Sites\ICMS\chart_update.php on line 3
[04-Apr-2018 06:39:17 America/Denver] PHP Notice:  Undefined index: spl in D:\Sites\ICMS\chart_update.php on line 8
[04-Apr-2018 06:39:17 America/Denver] PHP Notice:  Undefined index: spl in D:\Sites\ICMS\left_table.php on line 7
[04-Apr-2018 06:39:18 America/Denver] PHP Notice:  Undefined index: spl in D:\Sites\ICMS\left_table.php on line 7
[04-Apr-2018 06:39:18 America/Denver] PHP Notice:  Undefined index: spl in D:\Sites\ICMS\left_table.php on line 7
[04-Apr-2018 06:39:18 America/Denver] PHP Notice:  Undefined index: spl in D:\Sites\ICMS\chart_update.php on line 3
[04-Apr-2018 06:39:18 America/Denver] PHP Notice:  Undefined index: spl in D:\Sites\ICMS\chart_update.php on line 8
[04-Apr-2018 06:39:18 America/Denver] PHP Notice:  Undefined index: spl in D:\Sites\ICMS\chart_update.php on line 3
[04-Apr-2018 06:39:18 America/Denver] PHP Notice:  Undefined index: spl in D:\Sites\ICMS\chart_update.php on line 8
[04-Apr-2018 06:39:18 America/Denver] PHP Notice:  Undefined index: spl in D:\Sites\ICMS\left_table.php on line 7
[04-Apr-2018 06:39:18 America/Denver] PHP Notice:  Undefined index: spl in D:\Sites\ICMS\left_table.php on line 7
[04-Apr-2018 06:39:18 America/Denver] PHP Notice:  Undefined index: spl in D:\Sites\ICMS\chart_update.php on line 3
[04-Apr-2018 06:39:18 America/Denver] PHP Notice:  Undefined index: spl in D:\Sites\ICMS\chart_update.php on line 8
[04-Apr-2018 06:39:19 America/Denver] PHP Notice:  Undefined index: spl in D:\Sites\ICMS\chart_update.php on line 3
[04-Apr-2018 06:39:19 America/Denver] PHP Notice:  Undefined index: spl in D:\Sites\ICMS\left_table.php on line 7
[04-Apr-2018 06:39:19 America/Denver] PHP Notice:  Undefined index: spl in D:\Sites\ICMS\chart_update.php on line 8
[04-Apr-2018 06:39:19 America/Denver] PHP Notice:  Undefined index: spl in D:\Sites\ICMS\chart_update.php on line 3
[04-Apr-2018 06:39:19 America/Denver] PHP Notice:  Undefined index: spl in D:\Sites\ICMS\chart_update.php on line 8
[04-Apr-2018 06:39:19 America/Denver] PHP Notice:  Undefined index: spl in D:\Sites\ICMS\chart_update.php on line 3
[04-Apr-2018 06:39:19 America/Denver] PHP Notice:  Undefined index: spl in D:\Sites\ICMS\left_table.php on line 7
[04-Apr-2018 06:39:19 America/Denver] PHP Notice:  Undefined index: spl in D:\Sites\ICMS\chart_update.php on line 8
[04-Apr-2018 06:39:20 America/Denver] PHP Notice:  Undefined index: spl in D:\Sites\ICMS\chart_update.php on line 3
[04-Apr-2018 06:39:20 America/Denver] PHP Notice:  Undefined index: spl in D:\Sites\ICMS\chart_update.php on line 8
[04-Apr-2018 06:39:20 America/Denver] PHP Notice:  Undefined index: spl in D:\Sites\ICMS\left_table.php on line 7
[04-Apr-2018 06:39:20 America/Denver] PHP Notice:  Undefined index: spl in D:\Sites\ICMS\left_table.php on line 7
[04-Apr-2018 06:39:20 America/Denver] PHP Notice:  Undefined index: spl in D:\Sites\ICMS\chart_update.php on line 3
[04-Apr-2018 06:39:20 America/Denver] PHP Notice:  Undefined index: spl in D:\Sites\ICMS\chart_update.php on line 8
[04-Apr-2018 06:39:20 America/Denver] PHP Notice:  Undefined index: spl in D:\Sites\ICMS\chart_update.php on line 3
[04-Apr-2018 06:39:20 America/Denver] PHP Notice:  Undefined index: spl in D:\Sites\ICMS\chart_update.php on line 8
[04-Apr-2018 06:39:20 America/Denver] PHP Notice:  Undefined index: spl in D:\Sites\ICMS\left_table.php on line 7
[04-Apr-2018 06:39:21 America/Denver] PHP Notice:  Undefined index: spl in D:\Sites\ICMS\left_table.php on line 7
[04-Apr-2018 06:39:21 America/Denver] PHP Notice:  Undefined index: spl in D:\Sites\ICMS\chart_update.php on line 3
[04-Apr-2018 06:39:21 America/Denver] PHP Notice:  Undefined index: spl in D:\Sites\ICMS\chart_update.php on line 8
[04-Apr-2018 06:39:21 America/Denver] PHP Notice:  Undefined index: spl in D:\Sites\ICMS\chart_update.php on line 3
[04-Apr-2018 06:39:21 America/Denver] PHP Notice:  Undefined index: spl in D:\Sites\ICMS\chart_update.php on line 8
[04-Apr-2018 06:39:21 America/Denver] PHP Notice:  Undefined index: spl in D:\Sites\ICMS\left_table.php on line 7
[04-Apr-2018 06:39:21 America/Denver] PHP Notice:  Undefined index: spl in D:\Sites\ICMS\chart_update.php on line 3
[04-Apr-2018 06:39:21 America/Denver] PHP Notice:  Undefined index: spl in D:\Sites\ICMS\chart_update.php on line 8
[04-Apr-2018 06:39:21 America/Denver] PHP Notice:  Undefined index: spl in D:\Sites\ICMS\chart_update.php on line 3
[04-Apr-2018 06:39:21 America/Denver] PHP Notice:  Undefined index: spl in D:\Sites\ICMS\chart_update.php on line 8
[04-Apr-2018 06:39:21 America/Denver] PHP Notice:  Undefined index: spl in D:\Sites\ICMS\left_table.php on line 7
[04-Apr-2018 06:39:21 America/Denver] PHP Notice:  Undefined index: spl in D:\Sites\ICMS\left_table.php on line 7
[04-Apr-2018 06:39:21 America/Denver] PHP Notice:  Undefined index: spl in D:\Sites\ICMS\chart_update.php on line 3
[04-Apr-2018 06:39:21 America/Denver] PHP Notice:  Undefined index: spl in D:\Sites\ICMS\chart_update.php on line 8
[04-Apr-2018 06:39:22 America/Denver] PHP Notice:  Undefined index: spl in D:\Sites\ICMS\chart_update.php on line 3
[04-Apr-2018 06:39:22 America/Denver] PHP Notice:  Undefined index: spl in D:\Sites\ICMS\left_table.php on line 7
[04-Apr-2018 06:39:22 America/Denver] PHP Notice:  Undefined index: spl in D:\Sites\ICMS\chart_update.php on line 8
[04-Apr-2018 06:39:22 America/Denver] PHP Notice:  Undefined index: spl in D:\Sites\ICMS\left_table.php on line 7
[04-Apr-2018 06:39:22 America/Denver] PHP Notice:  Undefined index: spl in D:\Sites\ICMS\chart_update.php on line 3
[04-Apr-2018 06:39:22 America/Denver] PHP Notice:  Undefined index: spl in D:\Sites\ICMS\chart_update.php on line 3
[04-Apr-2018 06:39:22 America/Denver] PHP Notice:  Undefined index: spl in D:\Sites\ICMS\chart_update.php on line 8
[04-Apr-2018 06:39:22 America/Denver] PHP Notice:  Undefined index: spl in D:\Sites\ICMS\chart_update.php on line 8
[04-Apr-2018 06:39:22 America/Denver] PHP Notice:  Undefined index: spl in D:\Sites\ICMS\chart_update.php on line 3
[04-Apr-2018 06:39:22 America/Denver] PHP Notice:  Undefined index: spl in D:\Sites\ICMS\chart_update.php on line 8
[04-Apr-2018 06:39:22 America/Denver] PHP Notice:  Undefined index: spl in D:\Sites\ICMS\chart_update.php on line 3
[04-Apr-2018 06:39:22 America/Denver] PHP Notice:  Undefined index: spl in D:\Sites\ICMS\chart_update.php on line 8
[04-Apr-2018 06:39:22 America/Denver] PHP Notice:  Undefined index: spl in D:\Sites\ICMS\left_table.php on line 7
[04-Apr-2018 06:39:23 America/Denver] PHP Notice:  Undefined index: spl in D:\Sites\ICMS\left_table.php on line 7
[04-Apr-2018 06:39:23 America/Denver] PHP Notice:  Undefined index: spl in D:\Sites\ICMS\chart_update.php on line 3
[04-Apr-2018 06:39:23 America/Denver] PHP Notice:  Undefined index: spl in D:\Sites\ICMS\chart_update.php on line 8
[04-Apr-2018 06:39:23 America/Denver] PHP Notice:  Undefined index: spl in D:\Sites\ICMS\chart_update.php on line 3
[04-Apr-2018 06:39:23 America/Denver] PHP Notice:  Undefined index: spl in D:\Sites\ICMS\chart_update.php on line 8
[04-Apr-2018 06:39:23 America/Denver] PHP Notice:  Undefined index: spl in D:\Sites\ICMS\left_table.php on line 7
[04-Apr-2018 06:39:23 America/Denver] PHP Notice:  Undefined index: spl in D:\Sites\ICMS\left_table.php on line 7
[04-Apr-2018 06:39:23 America/Denver] PHP Notice:  Undefined index: spl in D:\Sites\ICMS\chart_update.php on line 3
[04-Apr-2018 06:39:23 America/Denver] PHP Notice:  Undefined index: spl in D:\Sites\ICMS\chart_update.php on line 8
[04-Apr-2018 06:39:23 America/Denver] PHP Notice:  Undefined index: spl in D:\Sites\ICMS\chart_update.php on line 3
[04-Apr-2018 06:39:23 America/Denver] PHP Notice:  Undefined index: spl in D:\Sites\ICMS\left_table.php on line 7
[04-Apr-2018 06:39:23 America/Denver] PHP Notice:  Undefined index: spl in D:\Sites\ICMS\left_table.php on line 7
[04-Apr-2018 06:39:23 America/Denver] PHP Notice:  Undefined index: spl in D:\Sites\ICMS\chart_update.php on line 8
[04-Apr-2018 06:39:24 America/Denver] PHP Notice:  Undefined index: spl in D:\Sites\ICMS\chart_update.php on line 3
[04-Apr-2018 06:39:24 America/Denver] PHP Notice:  Undefined index: spl in D:\Sites\ICMS\chart_update.php on line 8
[04-Apr-2018 06:39:24 America/Denver] PHP Notice:  Undefined index: spl in D:\Sites\ICMS\left_table.php on line 7
[04-Apr-2018 06:39:24 America/Denver] PHP Notice:  Undefined index: spl in D:\Sites\ICMS\left_table.php on line 7
[04-Apr-2018 06:39:24 America/Denver] PHP Notice:  Undefined index: spl in D:\Sites\ICMS\chart_update.php on line 3
[04-Apr-2018 06:39:24 America/Denver] PHP Notice:  Undefined index: spl in D:\Sites\ICMS\chart_update.php on line 8
[04-Apr-2018 06:39:24 America/Denver] PHP Notice:  Undefined index: spl in D:\Sites\ICMS\chart_update.php on line 3
[04-Apr-2018 06:39:24 America/Denver] PHP Notice:  Undefined index: spl in D:\Sites\ICMS\chart_update.php on line 8
[04-Apr-2018 06:39:24 America/Denver] PHP Notice:  Undefined index: spl in D:\Sites\ICMS\chart_update.php on line 3
[04-Apr-2018 06:39:24 America/Denver] PHP Notice:  Undefined index: spl in D:\Sites\ICMS\chart_update.php on line 8
[04-Apr-2018 06:39:24 America/Denver] PHP Notice:  Undefined index: spl in D:\Sites\ICMS\left_table.php on line 7
[04-Apr-2018 06:39:25 America/Denver] PHP Notice:  Undefined index: spl in D:\Sites\ICMS\left_table.php on line 7
[04-Apr-2018 06:39:25 America/Denver] PHP Notice:  Undefined index: spl in D:\Sites\ICMS\left_table.php on line 7
[04-Apr-2018 06:39:25 America/Denver] PHP Notice:  Undefined index: spl in D:\Sites\ICMS\chart_update.php on line 3
[04-Apr-2018 06:39:25 America/Denver] PHP Notice:  Undefined index: spl in D:\Sites\ICMS\chart_update.php on line 8
[04-Apr-2018 06:39:25 America/Denver] PHP Notice:  Undefined index: spl in D:\Sites\ICMS\chart_update.php on line 3
[04-Apr-2018 06:39:25 America/Denver] PHP Notice:  Undefined index: spl in D:\Sites\ICMS\left_table.php on line 7
[04-Apr-2018 06:39:25 America/Denver] PHP Notice:  Undefined index: spl in D:\Sites\ICMS\chart_update.php on line 8
[04-Apr-2018 06:39:25 America/Denver] PHP Notice:  Undefined index: spl in D:\Sites\ICMS\chart_update.php on line 3
[04-Apr-2018 06:39:25 America/Denver] PHP Notice:  Undefined index: spl in D:\Sites\ICMS\chart_update.php on line 8
[04-Apr-2018 06:39:25 America/Denver] PHP Notice:  Undefined index: spl in D:\Sites\ICMS\left_table.php on line 7
[04-Apr-2018 06:39:25 America/Denver] PHP Notice:  Undefined index: spl in D:\Sites\ICMS\left_table.php on line 7
[04-Apr-2018 06:39:25 America/Denver] PHP Notice:  Undefined index: spl in D:\Sites\ICMS\chart_update.php on line 3
[04-Apr-2018 06:39:25 America/Denver] PHP Notice:  Undefined index: spl in D:\Sites\ICMS\chart_update.php on line 8
[04-Apr-2018 06:39:25 America/Denver] PHP Notice:  Undefined index: spl in D:\Sites\ICMS\left_table.php on line 7
[04-Apr-2018 06:39:26 America/Denver] PHP Notice:  Undefined index: spl in D:\Sites\ICMS\chart_update.php on line 3
[04-Apr-2018 06:39:26 America/Denver] PHP Notice:  Undefined index: spl in D:\Sites\ICMS\chart_update.php on line 8
[04-Apr-2018 06:39:26 America/Denver] PHP Notice:  Undefined index: spl in D:\Sites\ICMS\chart_update.php on line 3
[04-Apr-2018 06:39:26 America/Denver] PHP Notice:  Undefined index: spl in D:\Sites\ICMS\chart_update.php on line 8
[04-Apr-2018 06:39:26 America/Denver] PHP Notice:  Undefined index: spl in D:\Sites\ICMS\left_table.php on line 7
[04-Apr-2018 06:39:26 America/Denver] PHP Notice:  Undefined index: spl in D:\Sites\ICMS\left_table.php on line 7
[04-Apr-2018 06:39:26 America/Denver] PHP Notice:  Undefined index: spl in D:\Sites\ICMS\chart_update.php on line 3
[04-Apr-2018 06:39:26 America/Denver] PHP Notice:  Undefined index: spl in D:\Sites\ICMS\chart_update.php on line 8
[04-Apr-2018 06:39:26 America/Denver] PHP Notice:  Undefined index: spl in D:\Sites\ICMS\left_table.php on line 7
[04-Apr-2018 06:39:26 America/Denver] PHP Notice:  Undefined index: spl in D:\Sites\ICMS\chart_update.php on line 3
[04-Apr-2018 06:39:26 America/Denver] PHP Notice:  Undefined index: spl in D:\Sites\ICMS\chart_update.php on line 8
[04-Apr-2018 06:39:26 America/Denver] PHP Notice:  Undefined index: spl in D:\Sites\ICMS\chart_update.php on line 3
[04-Apr-2018 06:39:26 America/Denver] PHP Notice:  Undefined index: spl in D:\Sites\ICMS\chart_update.php on line 8
[04-Apr-2018 07:10:16 America/Denver] PHP Notice:  Undefined index: spl in D:\Sites\ICMS\left_table.php on line 7
[04-Apr-2018 07:10:16 America/Denver] PHP Notice:  Undefined index: spl in D:\Sites\ICMS\chart_update.php on line 3
[04-Apr-2018 07:10:16 America/Denver] PHP Notice:  Undefined index: spl in D:\Sites\ICMS\chart_update.php on line 8
[04-Apr-2018 07:10:16 America/Denver] PHP Notice:  Undefined index: spl in D:\Sites\ICMS\chart_update.php on line 3
[04-Apr-2018 07:10:16 America/Denver] PHP Notice:  Undefined index: spl in D:\Sites\ICMS\left_table.php on line 7
[04-Apr-2018 07:10:16 America/Denver] PHP Notice:  Undefined index: spl in D:\Sites\ICMS\chart_update.php on line 8
[04-Apr-2018 07:10:16 America/Denver] PHP Notice:  Undefined index: spl in D:\Sites\ICMS\chart_update.php on line 3
[04-Apr-2018 07:10:16 America/Denver] PHP Notice:  Undefined index: spl in D:\Sites\ICMS\chart_update.php on line 8
[04-Apr-2018 07:10:16 America/Denver] PHP Notice:  Undefined index: spl in D:\Sites\ICMS\chart_update.php on line 3
[04-Apr-2018 07:10:16 America/Denver] PHP Notice:  Undefined index: spl in D:\Sites\ICMS\chart_update.php on line 8
[04-Apr-2018 07:10:16 America/Denver] PHP Notice:  Undefined index: spl in D:\Sites\ICMS\left_table.php on line 7
[04-Apr-2018 07:10:16 America/Denver] PHP Notice:  Undefined index: spl in D:\Sites\ICMS\left_table.php on line 7
[04-Apr-2018 07:10:17 America/Denver] PHP Notice:  Undefined index: spl in D:\Sites\ICMS\chart_update.php on line 3
[04-Apr-2018 07:10:17 America/Denver] PHP Notice:  Undefined index: spl in D:\Sites\ICMS\chart_update.php on line 8
[04-Apr-2018 07:10:17 America/Denver] PHP Notice:  Undefined index: spl in D:\Sites\ICMS\chart_update.php on line 3
[04-Apr-2018 07:10:17 America/Denver] PHP Notice:  Undefined index: spl in D:\Sites\ICMS\chart_update.php on line 8
[04-Apr-2018 07:10:17 America/Denver] PHP Notice:  Undefined index: spl in D:\Sites\ICMS\left_table.php on line 7
[04-Apr-2018 07:10:17 America/Denver] PHP Notice:  Undefined index: spl in D:\Sites\ICMS\left_table.php on line 7
[04-Apr-2018 07:10:17 America/Denver] PHP Notice:  Undefined index: spl in D:\Sites\ICMS\chart_update.php on line 3
[04-Apr-2018 07:10:17 America/Denver] PHP Notice:  Undefined index: spl in D:\Sites\ICMS\chart_update.php on line 8
[04-Apr-2018 07:10:17 America/Denver] PHP Notice:  Undefined index: spl in D:\Sites\ICMS\chart_update.php on line 3
[04-Apr-2018 07:10:17 America/Denver] PHP Notice:  Undefined index: spl in D:\Sites\ICMS\chart_update.php on line 8
[04-Apr-2018 07:10:17 America/Denver] PHP Notice:  Undefined index: spl in D:\Sites\ICMS\left_table.php on line 7
[04-Apr-2018 07:10:17 America/Denver] PHP Notice:  Undefined index: spl in D:\Sites\ICMS\left_table.php on line 7
[04-Apr-2018 07:10:17 America/Denver] PHP Notice:  Undefined index: spl in D:\Sites\ICMS\chart_update.php on line 3
[04-Apr-2018 07:10:17 America/Denver] PHP Notice:  Undefined index: spl in D:\Sites\ICMS\chart_update.php on line 8
[04-Apr-2018 07:10:17 America/Denver] PHP Notice:  Undefined index: spl in D:\Sites\ICMS\left_table.php on line 7
[04-Apr-2018 07:10:18 America/Denver] PHP Notice:  Undefined index: spl in D:\Sites\ICMS\left_table.php on line 7
[04-Apr-2018 07:10:18 America/Denver] PHP Notice:  Undefined index: spl in D:\Sites\ICMS\chart_update.php on line 3
[04-Apr-2018 07:10:18 America/Denver] PHP Notice:  Undefined index: spl in D:\Sites\ICMS\chart_update.php on line 8
[04-Apr-2018 07:10:18 America/Denver] PHP Notice:  Undefined index: spl in D:\Sites\ICMS\chart_update.php on line 3
[04-Apr-2018 07:10:18 America/Denver] PHP Notice:  Undefined index: spl in D:\Sites\ICMS\chart_update.php on line 8
[06-Apr-2018 07:29:12 America/Denver] PHP Notice:  Undefined index: spl in D:\Sites\ICMS\chart_update.php on line 3
[06-Apr-2018 07:29:12 America/Denver] PHP Notice:  Undefined index: spl in D:\Sites\ICMS\chart_update.php on line 8
[06-Apr-2018 07:36:49 America/Denver] PHP Notice:  Undefined index: spl in D:\Sites\ICMS\chart_update.php on line 3
[06-Apr-2018 07:36:49 America/Denver] PHP Notice:  Undefined index: spl in D:\Sites\ICMS\chart_update.php on line 8
[06-Apr-2018 07:36:52 America/Denver] PHP Notice:  Undefined index: spl in D:\Sites\ICMS\chart_update.php on line 3
[06-Apr-2018 07:36:52 America/Denver] PHP Notice:  Undefined index: spl in D:\Sites\ICMS\chart_update.php on line 8
[06-Apr-2018 07:36:53 America/Denver] PHP Notice:  Undefined index: spl in D:\Sites\ICMS\chart_update.php on line 3
[06-Apr-2018 07:36:53 America/Denver] PHP Notice:  Undefined index: spl in D:\Sites\ICMS\chart_update.php on line 8
[06-Apr-2018 07:36:53 America/Denver] PHP Notice:  Undefined index: spl in D:\Sites\ICMS\chart_update.php on line 3
[06-Apr-2018 07:36:53 America/Denver] PHP Notice:  Undefined index: spl in D:\Sites\ICMS\chart_update.php on line 8
[06-Apr-2018 07:36:53 America/Denver] PHP Notice:  Undefined index: spl in D:\Sites\ICMS\chart_update.php on line 3
[06-Apr-2018 07:36:53 America/Denver] PHP Notice:  Undefined index: spl in D:\Sites\ICMS\chart_update.php on line 8
[06-Apr-2018 07:36:54 America/Denver] PHP Notice:  Undefined index: spl in D:\Sites\ICMS\chart_update.php on line 3
[06-Apr-2018 07:36:54 America/Denver] PHP Notice:  Undefined index: spl in D:\Sites\ICMS\chart_update.php on line 8
[06-Apr-2018 07:36:54 America/Denver] PHP Notice:  Undefined index: spl in D:\Sites\ICMS\chart_update.php on line 3
[06-Apr-2018 07:36:54 America/Denver] PHP Notice:  Undefined index: spl in D:\Sites\ICMS\chart_update.php on line 8
[06-Apr-2018 07:36:54 America/Denver] PHP Notice:  Undefined index: spl in D:\Sites\ICMS\chart_update.php on line 3
[06-Apr-2018 07:36:54 America/Denver] PHP Notice:  Undefined index: spl in D:\Sites\ICMS\chart_update.php on line 8
[06-Apr-2018 07:36:54 America/Denver] PHP Notice:  Undefined index: spl in D:\Sites\ICMS\chart_update.php on line 3
[06-Apr-2018 07:36:54 America/Denver] PHP Notice:  Undefined index: spl in D:\Sites\ICMS\chart_update.php on line 8
[06-Apr-2018 07:36:54 America/Denver] PHP Notice:  Undefined index: spl in D:\Sites\ICMS\chart_update.php on line 3
[06-Apr-2018 07:36:54 America/Denver] PHP Notice:  Undefined index: spl in D:\Sites\ICMS\chart_update.php on line 8
[06-Apr-2018 07:36:55 America/Denver] PHP Notice:  Undefined index: spl in D:\Sites\ICMS\chart_update.php on line 3
[06-Apr-2018 07:36:55 America/Denver] PHP Notice:  Undefined index: spl in D:\Sites\ICMS\chart_update.php on line 8
[06-Apr-2018 07:36:55 America/Denver] PHP Notice:  Undefined index: spl in D:\Sites\ICMS\chart_update.php on line 3
[06-Apr-2018 07:36:55 America/Denver] PHP Notice:  Undefined index: spl in D:\Sites\ICMS\chart_update.php on line 8
[06-Apr-2018 07:36:55 America/Denver] PHP Notice:  Undefined index: spl in D:\Sites\ICMS\chart_update.php on line 3
[06-Apr-2018 07:36:55 America/Denver] PHP Notice:  Undefined index: spl in D:\Sites\ICMS\chart_update.php on line 8
[06-Apr-2018 07:36:56 America/Denver] PHP Notice:  Undefined index: spl in D:\Sites\ICMS\chart_update.php on line 3
[06-Apr-2018 07:36:56 America/Denver] PHP Notice:  Undefined index: spl in D:\Sites\ICMS\chart_update.php on line 8
[06-Apr-2018 07:36:56 America/Denver] PHP Notice:  Undefined index: spl in D:\Sites\ICMS\chart_update.php on line 3
[06-Apr-2018 07:36:56 America/Denver] PHP Notice:  Undefined index: spl in D:\Sites\ICMS\chart_update.php on line 8
[06-Apr-2018 07:37:30 America/Denver] PHP Notice:  Undefined index: spl in D:\Sites\ICMS\chart_update.php on line 3
[06-Apr-2018 07:37:30 America/Denver] PHP Notice:  Undefined index: spl in D:\Sites\ICMS\chart_update.php on line 8
[06-Apr-2018 07:37:31 America/Denver] PHP Notice:  Undefined index: spl in D:\Sites\ICMS\chart_update.php on line 3
[06-Apr-2018 07:37:31 America/Denver] PHP Notice:  Undefined index: spl in D:\Sites\ICMS\chart_update.php on line 8
[11-Apr-2018 09:28:32 America/Denver] PHP Notice:  Undefined index: spl in D:\Sites\ICMS\chart_update.php on line 3
[11-Apr-2018 09:28:32 America/Denver] PHP Notice:  Undefined index: spl in D:\Sites\ICMS\chart_update.php on line 8
[11-Apr-2018 09:35:57 America/Denver] PHP Notice:  Undefined index: spl in D:\Sites\ICMS\chart_update.php on line 3
[11-Apr-2018 09:35:59 America/Denver] PHP Notice:  Undefined index: spl in D:\Sites\ICMS\chart_update.php on line 3
